Using pre-set license
Built from '2021.3/staging' branch; Version is '2021.3.16f1 (4016570cf34f) revision 4200023'; Using compiler version '192829333'; Build Type 'Release'
OS: 'Windows 10  (10.0.19045) 64bit CoreSingleLanguage' Language: 'en' Physical Memory: 16215 MB
BatchMode: 1, IsHumanControllingUs: 0, StartBugReporterOnCrash: 0, Is64bit: 1, IsPro: 1

COMMAND LINE ARGUMENTS:
C:\Program Files\Unity\Hub\Editor\2021.3.16f1\Editor\Unity.exe
-adb2
-batchMode
-noUpm
-name
AssetImportWorker0
-projectPath
C:/Users/Admin/Pacman Adventure
-logFile
Logs/AssetImportWorker0.log
-srvPort
60738
Successfully changed project path to: C:/Users/Admin/Pacman Adventure
C:/Users/Admin/Pacman Adventure
[UnityMemory] Configuration Parameters - Can be set up in boot.config
    "memorysetup-bucket-allocator-granularity=16"
    "memorysetup-bucket-allocator-bucket-count=8"
    "memorysetup-bucket-allocator-block-size=33554432"
    "memorysetup-bucket-allocator-block-count=8"
    "memorysetup-main-allocator-block-size=16777216"
    "memorysetup-thread-allocator-block-size=16777216"
    "memorysetup-gfx-main-allocator-block-size=16777216"
    "memorysetup-gfx-thread-allocator-block-size=16777216"
    "memorysetup-cache-allocator-block-size=4194304"
    "memorysetup-typetree-allocator-block-size=2097152"
    "memorysetup-profiler-bucket-allocator-granularity=16"
    "memorysetup-profiler-bucket-allocator-bucket-count=8"
    "memorysetup-profiler-bucket-allocator-block-size=33554432"
    "memorysetup-profiler-bucket-allocator-block-count=8"
    "memorysetup-profiler-allocator-block-size=16777216"
    "memorysetup-profiler-editor-allocator-block-size=1048576"
    "memorysetup-temp-allocator-size-main=16777216"
    "memorysetup-job-temp-allocator-block-size=2097152"
    "memorysetup-job-temp-allocator-block-size-background=1048576"
    "memorysetup-job-temp-allocator-reduction-small-platforms=262144"
    "memorysetup-temp-allocator-size-background-worker=32768"
    "memorysetup-temp-allocator-size-job-worker=262144"
    "memorysetup-temp-allocator-size-preload-manager=33554432"
    "memorysetup-temp-allocator-size-nav-mesh-worker=65536"
    "memorysetup-temp-allocator-size-audio-worker=65536"
    "memorysetup-temp-allocator-size-cloud-worker=32768"
    "memorysetup-temp-allocator-size-gi-baking-worker=262144"
    "memorysetup-temp-allocator-size-gfx=262144"
Player connection [24100] Host "[IP] 192.168.2.101 [Port] 0 [Flags] 2 [Guid] 4197986864 [EditorId] 4197986864 [Version] 1048832 [Id] WindowsEditor(7,GiaBao-Baro) [Debug] 1 [PackageName] WindowsEditor [ProjectName] Editor" joined multi-casting on [225.0.0.222:54997]...

Player connection [24100] Host "[IP] 192.168.2.101 [Port] 0 [Flags] 2 [Guid] 4197986864 [EditorId] 4197986864 [Version] 1048832 [Id] WindowsEditor(7,GiaBao-Baro) [Debug] 1 [PackageName] WindowsEditor [ProjectName] Editor" joined alternative multi-casting on [225.0.0.222:34997]...

Refreshing native plugins compatible for Editor in 106.84 ms, found 4 plugins.
Preloading 0 native plugins for Editor in 0.00 ms.
Initialize engine version: 2021.3.16f1 (4016570cf34f)
[Subsystems] Discovering subsystems at path C:/Program Files/Unity/Hub/Editor/2021.3.16f1/Editor/Data/Resources/UnitySubsystems
[Subsystems] Discovering subsystems at path C:/Users/Admin/Pacman Adventure/Assets
GfxDevice: creating device client; threaded=0; jobified=0
Direct3D:
    Version:  Direct3D 11.0 [level 11.1]
    Renderer: NVIDIA GeForce GTX 1650 Ti (ID=0x1f95)
    Vendor:   NVIDIA
    VRAM:     3949 MB
    Driver:   31.0.15.2824
Initialize mono
Mono path[0] = 'C:/Program Files/Unity/Hub/Editor/2021.3.16f1/Editor/Data/Managed'
Mono path[1] = 'C:/Program Files/Unity/Hub/Editor/2021.3.16f1/Editor/Data/MonoBleedingEdge/lib/mono/unityjit-win32'
Mono config path = 'C:/Program Files/Unity/Hub/Editor/2021.3.16f1/Editor/Data/MonoBleedingEdge/etc'
Using monoOptions --debugger-agent=transport=dt_socket,embedding=1,server=y,suspend=n,address=127.0.0.1:56552
Begin MonoManager ReloadAssembly
Registering precompiled unity dll's ...
Register platform support module: C:/Program Files/Unity/Hub/Editor/2021.3.16f1/Editor/Data/PlaybackEngines/WebGLSupport/UnityEditor.WebGL.Extensions.dll
Register platform support module: C:/Program Files/Unity/Hub/Editor/2021.3.16f1/Editor/Data/PlaybackEngines/WindowsStandaloneSupport/UnityEditor.WindowsStandalone.Extensions.dll
Registered in 0.010955 seconds.
Native extension for WindowsStandalone target not found
Native extension for WebGL target not found
Refreshing native plugins compatible for Editor in 106.00 ms, found 4 plugins.
Preloading 0 native plugins for Editor in 0.00 ms.
Mono: successfully reloaded assembly
- Completed reload, in  0.790 seconds
Domain Reload Profiling:
	ReloadAssembly (791ms)
		BeginReloadAssembly (117ms)
			ExecutionOrderSort (0ms)
			DisableScriptedObjects (0ms)
			BackupInstance (0ms)
			ReleaseScriptingObjects (0ms)
			CreateAndSetChildDomain (1ms)
		EndReloadAssembly (539ms)
			LoadAssemblies (115ms)
			RebuildTransferFunctionScriptingTraits (0ms)
			SetupTypeCache (136ms)
			ReleaseScriptCaches (0ms)
			RebuildScriptCaches (34ms)
			SetupLoadedEditorAssemblies (305ms)
				LogAssemblyErrors (0ms)
				InitializePlatformSupportModulesInManaged (12ms)
				SetLoadedEditorAssemblies (0ms)
				RefreshPlugins (106ms)
				BeforeProcessingInitializeOnLoad (2ms)
				ProcessInitializeOnLoadAttributes (142ms)
				ProcessInitializeOnLoadMethodAttributes (44ms)
				AfterProcessingInitializeOnLoad (0ms)
				EditorAssembliesLoaded (0ms)
			ExecutionOrderSort2 (0ms)
			AwakeInstancesAfterBackupRestoration (0ms)
Platform modules already initialized, skipping
Registering precompiled user dll's ...
Registered in 0.008858 seconds.
Begin MonoManager ReloadAssembly
Symbol file LoadedFromMemory doesn't match image C:\Users\Admin\Pacman Adventure\Library\PackageCache\com.unity.visualscripting@1.7.8\Editor\VisualScripting.Core\Dependencies\YamlDotNet\Unity.VisualScripting.YamlDotNet.dll
Symbol file LoadedFromMemory doesn't match image C:\Users\Admin\Pacman Adventure\Library\PackageCache\com.unity.visualscripting@1.7.8\Editor\VisualScripting.Core\Dependencies\DotNetZip\Unity.VisualScripting.IonicZip.dll
Native extension for WindowsStandalone target not found
Native extension for WebGL target not found
Refreshing native plugins compatible for Editor in 95.28 ms, found 4 plugins.
Preloading 0 native plugins for Editor in 0.00 ms.
Mono: successfully reloaded assembly
- Completed reload, in  1.295 seconds
Domain Reload Profiling:
	ReloadAssembly (1296ms)
		BeginReloadAssembly (114ms)
			ExecutionOrderSort (0ms)
			DisableScriptedObjects (6ms)
			BackupInstance (0ms)
			ReleaseScriptingObjects (0ms)
			CreateAndSetChildDomain (18ms)
		EndReloadAssembly (1052ms)
			LoadAssemblies (134ms)
			RebuildTransferFunctionScriptingTraits (0ms)
			SetupTypeCache (271ms)
			ReleaseScriptCaches (1ms)
			RebuildScriptCaches (60ms)
			SetupLoadedEditorAssemblies (526ms)
				LogAssemblyErrors (0ms)
				InitializePlatformSupportModulesInManaged (6ms)
				SetLoadedEditorAssemblies (0ms)
				RefreshPlugins (95ms)
				BeforeProcessingInitializeOnLoad (106ms)
				ProcessInitializeOnLoadAttributes (265ms)
				ProcessInitializeOnLoadMethodAttributes (43ms)
				AfterProcessingInitializeOnLoad (10ms)
				EditorAssembliesLoaded (0ms)
			ExecutionOrderSort2 (0ms)
			AwakeInstancesAfterBackupRestoration (6ms)
Platform modules already initialized, skipping
========================================================================
Worker process is ready to serve import requests
Launched and connected shader compiler UnityShaderCompiler.exe after 0.07 seconds
Refreshing native plugins compatible for Editor in 0.80 ms, found 4 plugins.
Preloading 0 native plugins for Editor in 0.00 ms.
Unloading 4045 Unused Serialized files (Serialized files now loaded: 0)
Unloading 44 unused Assets / (229.0 KB). Loaded Objects now: 4495.
Memory consumption went from 150.7 MB to 150.4 MB.
Total: 3.156600 ms (FindLiveObjects: 0.352100 ms CreateObjectMapping: 0.385700 ms MarkObjects: 2.288100 ms  DeleteObjects: 0.130100 ms)

AssetImportParameters requested are different than current active one (requested -> active):
  custom:video-decoder-ogg-theora: a1e56fd34408186e4bbccfd4996cb3dc -> 
  custom:container-muxer-webm: aa71ff27fc2769a1b78a27578f13a17b -> 
  custom:container-demuxer-webm: 4f35f7cbe854078d1ac9338744f61a02 -> 
  custom:video-encoder-webm-vp8: eb34c28f22e8b96e1ab97ce403110664 -> 
  custom:audio-encoder-webm-vorbis: bf7c407c2cedff20999df2af8eb42d56 -> 
  custom:framework-win-MediaFoundation: 216162199b28c13a410421893ffa2e32 -> 
  custom:container-demuxer-ogg: 62fdf1f143b41e24485cea50d1cbac27 -> 
  custom:video-decoder-webm-vp8: 9c59270c3fd7afecdb556c50c9e8de78 -> 
  custom:audio-decoder-ogg-vorbis: bf7c407c2cedff20999df2af8eb42d56 -> 
========================================================================
Received Import Request.
  Time since last request: 16541.920979 seconds.
  path: Assets/Animation/Run.anim
  artifactKey: Guid(b68a68d5dfa3698498c467f1505b9655) Importer(815301076,1909f56bfc062723c751e8b465ee728b)
Start importing Assets/Animation/Run.anim using Guid(b68a68d5dfa3698498c467f1505b9655) Importer(815301076,1909f56bfc062723c751e8b465ee728b)  -> (artifact id: '7463010c137a2ec7190ad4cfe196566a') in 0.035058 seconds 
========================================================================
Received Import Request.
  Time since last request: 662.817593 seconds.
  path: Assets/My Asset/Walking_0.png
  artifactKey: Guid(f391bbb8e0cca0d41971bfb6be6bb1e2) Importer(815301076,1909f56bfc062723c751e8b465ee728b)
Start importing Assets/My Asset/Walking_0.png using Guid(f391bbb8e0cca0d41971bfb6be6bb1e2) Importer(815301076,1909f56bfc062723c751e8b465ee728b)  -> (artifact id: '72c93d1f6061ab96c9468d381f47b196') in 0.081195 seconds 
========================================================================
Received Import Request.
  Time since last request: 7.670152 seconds.
  path: Assets/My Asset/Walking_0.png
  artifactKey: Guid(f391bbb8e0cca0d41971bfb6be6bb1e2) Importer(815301076,1909f56bfc062723c751e8b465ee728b)
Start importing Assets/My Asset/Walking_0.png using Guid(f391bbb8e0cca0d41971bfb6be6bb1e2) Importer(815301076,1909f56bfc062723c751e8b465ee728b)  -> (artifact id: '4c6ba69f76757c6e728bb267a9a7145c') in 0.015544 seconds 
========================================================================
Received Import Request.
  Time since last request: 840.470284 seconds.
  path: Assets/My Asset/Walking_0.png
  artifactKey: Guid(f391bbb8e0cca0d41971bfb6be6bb1e2) Importer(815301076,1909f56bfc062723c751e8b465ee728b)
Start importing Assets/My Asset/Walking_0.png using Guid(f391bbb8e0cca0d41971bfb6be6bb1e2) Importer(815301076,1909f56bfc062723c751e8b465ee728b)  -> (artifact id: '64c7c26ff061c282d1a83f16a413de63') in 0.018620 seconds 
========================================================================
Received Import Request.
  Time since last request: 6.974446 seconds.
  path: Assets/My Asset/Walking_0.png
  artifactKey: Guid(f391bbb8e0cca0d41971bfb6be6bb1e2) Importer(815301076,1909f56bfc062723c751e8b465ee728b)
Start importing Assets/My Asset/Walking_0.png using Guid(f391bbb8e0cca0d41971bfb6be6bb1e2) Importer(815301076,1909f56bfc062723c751e8b465ee728b)  -> (artifact id: '42d15d66aeef86cfb9c09e97f53ef659') in 0.010426 seconds 
========================================================================
Received Import Request.
  Time since last request: 1809.254810 seconds.
  path: Assets/My Asset/Walking_3.png
  artifactKey: Guid(01d317d94b670f246b10bd31a2f5bebe) Importer(815301076,1909f56bfc062723c751e8b465ee728b)
Start importing Assets/My Asset/Walking_3.png using Guid(01d317d94b670f246b10bd31a2f5bebe) Importer(815301076,1909f56bfc062723c751e8b465ee728b)  -> (artifact id: 'a416af21a9808cfc79608fa378848397') in 0.012791 seconds 
========================================================================
Received Import Request.
  Time since last request: 4.450571 seconds.
  path: Assets/My Asset/Walking_3.png
  artifactKey: Guid(01d317d94b670f246b10bd31a2f5bebe) Importer(815301076,1909f56bfc062723c751e8b465ee728b)
Start importing Assets/My Asset/Walking_3.png using Guid(01d317d94b670f246b10bd31a2f5bebe) Importer(815301076,1909f56bfc062723c751e8b465ee728b)  -> (artifact id: 'aaa39f0bdceaae43d5aa286f7fdeb096') in 0.009898 seconds 
========================================================================
Received Import Request.
  Time since last request: 1858.646866 seconds.
  path: Assets/My Asset/Walking_Animation.png
  artifactKey: Guid(987bb39e8fbe8674d8a57962cfbaec48) Importer(815301076,1909f56bfc062723c751e8b465ee728b)
Start importing Assets/My Asset/Walking_Animation.png using Guid(987bb39e8fbe8674d8a57962cfbaec48) Importer(815301076,1909f56bfc062723c751e8b465ee728b)  -> (artifact id: '8b1f00ebf2916ace3c3faeae64f8bc6d') in 0.013750 seconds 
========================================================================
Received Import Request.
  Time since last request: 11.236754 seconds.
  path: Assets/My Asset/Walking_Animation.png
  artifactKey: Guid(987bb39e8fbe8674d8a57962cfbaec48) Importer(815301076,1909f56bfc062723c751e8b465ee728b)
Start importing Assets/My Asset/Walking_Animation.png using Guid(987bb39e8fbe8674d8a57962cfbaec48) Importer(815301076,1909f56bfc062723c751e8b465ee728b)  -> (artifact id: '40e545f4f1262c5874aa37273e44e370') in 0.008922 seconds 
========================================================================
Received Import Request.
  Time since last request: 15.126247 seconds.
  path: Assets/My Asset/Walking_Animation.png
  artifactKey: Guid(987bb39e8fbe8674d8a57962cfbaec48) Importer(815301076,1909f56bfc062723c751e8b465ee728b)
Start importing Assets/My Asset/Walking_Animation.png using Guid(987bb39e8fbe8674d8a57962cfbaec48) Importer(815301076,1909f56bfc062723c751e8b465ee728b)  -> (artifact id: '39642988f1fda2bec24aa9b74f249b86') in 0.069198 seconds 
========================================================================
Received Import Request.
  Time since last request: 11.677526 seconds.
  path: Assets/Animation/face.controller
  artifactKey: Guid(79ff52563a773f242b32936e5d9292f8) Importer(815301076,1909f56bfc062723c751e8b465ee728b)
Start importing Assets/Animation/face.controller using Guid(79ff52563a773f242b32936e5d9292f8) Importer(815301076,1909f56bfc062723c751e8b465ee728b)  -> (artifact id: '30dd5d438c91aa5f25dabd0ba1a86e12') in 0.010565 seconds 
========================================================================
Received Import Request.
  Time since last request: 1.795344 seconds.
  path: Assets/Animation/test.anim
  artifactKey: Guid(03d4b00eab2dda6469f50eb854c75909) Importer(815301076,1909f56bfc062723c751e8b465ee728b)
Start importing Assets/Animation/test.anim using Guid(03d4b00eab2dda6469f50eb854c75909) Importer(815301076,1909f56bfc062723c751e8b465ee728b)  -> (artifact id: '77f6517735a2a03be0aafefa78945799') in 0.005885 seconds 
========================================================================
Received Import Request.
  Time since last request: 16.409085 seconds.
  path: Assets/Animation/test_run.anim
  artifactKey: Guid(3fb34f21a9a8709468cb6394a1ca4734) Importer(815301076,1909f56bfc062723c751e8b465ee728b)
Start importing Assets/Animation/test_run.anim using Guid(3fb34f21a9a8709468cb6394a1ca4734) Importer(815301076,1909f56bfc062723c751e8b465ee728b)  -> (artifact id: 'ad19d9f49d40a956f0ec7f7d2df17df3') in 0.005824 seconds 
========================================================================
Received Import Request.
  Time since last request: 718.106482 seconds.
  path: Assets/My Asset/Walking_Animation.png
  artifactKey: Guid(987bb39e8fbe8674d8a57962cfbaec48) Importer(815301076,1909f56bfc062723c751e8b465ee728b)
Start importing Assets/My Asset/Walking_Animation.png using Guid(987bb39e8fbe8674d8a57962cfbaec48) Importer(815301076,1909f56bfc062723c751e8b465ee728b)  -> (artifact id: '90102927138a846702f8431ead9ca2ac') in 0.018999 seconds 
========================================================================
Received Import Request.
  Time since last request: 8.145026 seconds.
  path: Assets/My Asset/Walking_Animation.png
  artifactKey: Guid(987bb39e8fbe8674d8a57962cfbaec48) Importer(815301076,1909f56bfc062723c751e8b465ee728b)
Start importing Assets/My Asset/Walking_Animation.png using Guid(987bb39e8fbe8674d8a57962cfbaec48) Importer(815301076,1909f56bfc062723c751e8b465ee728b)  -> (artifact id: '266424c4ddcc16c4e08564f85fbc238d') in 0.008416 seconds 
========================================================================
Received Import Request.
  Time since last request: 4.792571 seconds.
  path: Assets/My Asset/Walking_Animation.png
  artifactKey: Guid(987bb39e8fbe8674d8a57962cfbaec48) Importer(815301076,1909f56bfc062723c751e8b465ee728b)
Start importing Assets/My Asset/Walking_Animation.png using Guid(987bb39e8fbe8674d8a57962cfbaec48) Importer(815301076,1909f56bfc062723c751e8b465ee728b)  -> (artifact id: '9823c48b86917714fdf4fcb606601e87') in 0.056465 seconds 
========================================================================
Received Import Request.
  Time since last request: 254.639366 seconds.
  path: Assets/My Asset/Player_Idle.png
  artifactKey: Guid(605c2c4cdf33e9444b7156b3fb298bc3) Importer(815301076,1909f56bfc062723c751e8b465ee728b)
Start importing Assets/My Asset/Player_Idle.png using Guid(605c2c4cdf33e9444b7156b3fb298bc3) Importer(815301076,1909f56bfc062723c751e8b465ee728b)  -> (artifact id: 'f89dbe6fc96bfb57f4fef9b83013371e') in 0.025221 seconds 
========================================================================
Received Import Request.
  Time since last request: 5.130643 seconds.
  path: Assets/My Asset/Player_Idle.png
  artifactKey: Guid(605c2c4cdf33e9444b7156b3fb298bc3) Importer(815301076,1909f56bfc062723c751e8b465ee728b)
Start importing Assets/My Asset/Player_Idle.png using Guid(605c2c4cdf33e9444b7156b3fb298bc3) Importer(815301076,1909f56bfc062723c751e8b465ee728b)  -> (artifact id: '21a9b3f644d30791e6042e14428ffc49') in 0.010247 seconds 
========================================================================
Received Prepare
Registering precompiled user dll's ...
Registered in 0.011204 seconds.
Begin MonoManager ReloadAssembly
Symbol file LoadedFromMemory doesn't match image C:\Users\Admin\Pacman Adventure\Library\PackageCache\com.unity.visualscripting@1.7.8\Editor\VisualScripting.Core\Dependencies\YamlDotNet\Unity.VisualScripting.YamlDotNet.dll
Symbol file LoadedFromMemory doesn't match image C:\Users\Admin\Pacman Adventure\Library\PackageCache\com.unity.visualscripting@1.7.8\Editor\VisualScripting.Core\Dependencies\DotNetZip\Unity.VisualScripting.IonicZip.dll
Native extension for WindowsStandalone target not found
Native extension for WebGL target not found
Refreshing native plugins compatible for Editor in 0.76 ms, found 4 plugins.
Preloading 0 native plugins for Editor in 0.00 ms.
Mono: successfully reloaded assembly
- Completed reload, in  1.070 seconds
Domain Reload Profiling:
	ReloadAssembly (1071ms)
		BeginReloadAssembly (172ms)
			ExecutionOrderSort (0ms)
			DisableScriptedObjects (8ms)
			BackupInstance (0ms)
			ReleaseScriptingObjects (0ms)
			CreateAndSetChildDomain (66ms)
		EndReloadAssembly (786ms)
			LoadAssemblies (93ms)
			RebuildTransferFunctionScriptingTraits (0ms)
			SetupTypeCache (259ms)
			ReleaseScriptCaches (1ms)
			RebuildScriptCaches (45ms)
			SetupLoadedEditorAssemblies (352ms)
				LogAssemblyErrors (0ms)
				InitializePlatformSupportModulesInManaged (15ms)
				SetLoadedEditorAssemblies (0ms)
				RefreshPlugins (1ms)
				BeforeProcessingInitializeOnLoad (80ms)
				ProcessInitializeOnLoadAttributes (204ms)
				ProcessInitializeOnLoadMethodAttributes (39ms)
				AfterProcessingInitializeOnLoad (12ms)
				EditorAssembliesLoaded (0ms)
			ExecutionOrderSort2 (0ms)
			AwakeInstancesAfterBackupRestoration (8ms)
Platform modules already initialized, skipping
Refreshing native plugins compatible for Editor in 2.97 ms, found 4 plugins.
Preloading 0 native plugins for Editor in 0.00 ms.
Unloading 4040 Unused Serialized files (Serialized files now loaded: 0)
Unloading 31 unused Assets / (195.3 KB). Loaded Objects now: 4507.
Memory consumption went from 155.0 MB to 154.9 MB.
Total: 4.029600 ms (FindLiveObjects: 0.309500 ms CreateObjectMapping: 0.294300 ms MarkObjects: 3.229400 ms  DeleteObjects: 0.195300 ms)

AssetImportParameters requested are different than current active one (requested -> active):
  custom:video-decoder-ogg-theora: a1e56fd34408186e4bbccfd4996cb3dc -> 
  custom:container-muxer-webm: aa71ff27fc2769a1b78a27578f13a17b -> 
  custom:container-demuxer-webm: 4f35f7cbe854078d1ac9338744f61a02 -> 
  custom:video-encoder-webm-vp8: eb34c28f22e8b96e1ab97ce403110664 -> 
  custom:audio-encoder-webm-vorbis: bf7c407c2cedff20999df2af8eb42d56 -> 
  custom:framework-win-MediaFoundation: 216162199b28c13a410421893ffa2e32 -> 
  custom:container-demuxer-ogg: 62fdf1f143b41e24485cea50d1cbac27 -> 
  custom:video-decoder-webm-vp8: 9c59270c3fd7afecdb556c50c9e8de78 -> 
  custom:audio-decoder-ogg-vorbis: bf7c407c2cedff20999df2af8eb42d56 -> 
========================================================================
Received Import Request.
  Time since last request: 561.450951 seconds.
  path: Assets/My Asset/Walking_Animation.png
  artifactKey: Guid(987bb39e8fbe8674d8a57962cfbaec48) Importer(815301076,1909f56bfc062723c751e8b465ee728b)
Start importing Assets/My Asset/Walking_Animation.png using Guid(987bb39e8fbe8674d8a57962cfbaec48) Importer(815301076,1909f56bfc062723c751e8b465ee728b)  -> (artifact id: '4d6e65c3f317e1a8555bfa1b938a5e3b') in 0.062430 seconds 
========================================================================
Received Import Request.
  Time since last request: 8.475102 seconds.
  path: Assets/My Asset/Walking_Animation.png
  artifactKey: Guid(987bb39e8fbe8674d8a57962cfbaec48) Importer(815301076,1909f56bfc062723c751e8b465ee728b)
Start importing Assets/My Asset/Walking_Animation.png using Guid(987bb39e8fbe8674d8a57962cfbaec48) Importer(815301076,1909f56bfc062723c751e8b465ee728b)  -> (artifact id: '3cef4390400eb2b9b29cb6d640cf4e2e') in 0.013195 seconds 
========================================================================
Received Import Request.
  Time since last request: 11.038616 seconds.
  path: Assets/My Asset/Walking_Animation.png
  artifactKey: Guid(987bb39e8fbe8674d8a57962cfbaec48) Importer(815301076,1909f56bfc062723c751e8b465ee728b)
Start importing Assets/My Asset/Walking_Animation.png using Guid(987bb39e8fbe8674d8a57962cfbaec48) Importer(815301076,1909f56bfc062723c751e8b465ee728b)  -> (artifact id: '964bb8d1745455bf34dafaec91b70fd1') in 0.020774 seconds 
========================================================================
Received Import Request.
  Time since last request: 7.591709 seconds.
  path: Assets/My Asset/Walking_Animation.png
  artifactKey: Guid(987bb39e8fbe8674d8a57962cfbaec48) Importer(815301076,1909f56bfc062723c751e8b465ee728b)
Start importing Assets/My Asset/Walking_Animation.png using Guid(987bb39e8fbe8674d8a57962cfbaec48) Importer(815301076,1909f56bfc062723c751e8b465ee728b)  -> (artifact id: '28c385b1e08ec3466dbfaa5e5fad1a88') in 0.065629 seconds 
